15:42:29.712  INFO  - Starting AdApplication on localhost with PID 66335 (/Users/yangjianghe/coding/java/result/ad/target/classes started by yangjianghe in /Users/yangjianghe/coding/java/result/ad)
15:42:29.727  INFO  - No active profile set, falling back to default profiles: default
15:42:29.881  INFO  - Refreshing org.springframework.boot.web.servlet.context.AnnotationConfigServletWebServerApplicationContext@1b7c473a: startup date [Tue Feb 19 15:42:29 CST 2019]; root of context hierarchy
15:42:31.182  INFO  - Tomcat initialized with port(s): 9998 (http)
15:42:31.194  INFO  - Initializing ProtocolHandler ["http-nio-9998"]
15:42:31.203  INFO  - Starting service [Tomcat]
15:42:31.204  INFO  - Starting Servlet Engine: Apache Tomcat/8.5.34
15:42:31.209  INFO  - The APR based Apache Tomcat Native library which allows optimal performance in production environments was not found on the java.library.path: [/Users/yangjianghe/Library/Java/Extensions:/Library/Java/Extensions:/Network/Library/Java/Extensions:/System/Library/Java/Extensions:/usr/lib/java:.]
15:42:31.276  INFO  - Initializing Spring embedded WebApplicationContext
15:42:31.276  INFO  - Root WebApplicationContext: initialization completed in 1395 ms
15:42:31.330  INFO  - Servlet dispatcherServlet mapped to [/]
15:42:31.335  INFO  - Mapping filter: 'characterEncodingFilter' to: [/*]
15:42:31.335  INFO  - Mapping filter: 'hiddenHttpMethodFilter' to: [/*]
15:42:31.335  INFO  - Mapping filter: 'httpPutFormContentFilter' to: [/*]
15:42:31.335  INFO  - Mapping filter: 'requestContextFilter' to: [/*]
15:42:31.499  INFO  - Mapped URL path [/**/favicon.ico] onto handler of type [class org.springframework.web.servlet.resource.ResourceHttpRequestHandler]
15:42:31.707  INFO  - Looking for @ControllerAdvice: org.springframework.boot.web.servlet.context.AnnotationConfigServletWebServerApplicationContext@1b7c473a: startup date [Tue Feb 19 15:42:29 CST 2019]; root of context hierarchy
15:42:31.765  INFO  - Mapped "{[/mod_user]}" onto public com.nanhang.ad.utils.ResultMsg com.nanhang.ad.controller.CmdController.modUser(com.nanhang.ad.bean.User)
15:42:31.766  INFO  - Mapped "{[/test_add]}" onto public com.nanhang.ad.utils.ResultMsg com.nanhang.ad.controller.CmdController.testUser(com.nanhang.ad.bean.User) throws java.lang.Exception
15:42:31.768  INFO  - Mapped "{[/error]}" onto public org.springframework.http.ResponseEntity<java.util.Map<java.lang.String, java.lang.Object>> org.springframework.boot.autoconfigure.web.servlet.error.BasicErrorController.error(javax.servlet.http.HttpServletRequest)
15:42:31.769  INFO  - Mapped "{[/error],produces=[text/html]}" onto public org.springframework.web.servlet.ModelAndView org.springframework.boot.autoconfigure.web.servlet.error.BasicErrorController.errorHtml(javax.servlet.http.HttpServletRequest,javax.servlet.http.HttpServletResponse)
15:42:31.793  INFO  - Mapped URL path [/webjars/**] onto handler of type [class org.springframework.web.servlet.resource.ResourceHttpRequestHandler]
15:42:31.793  INFO  - Mapped URL path [/**] onto handler of type [class org.springframework.web.servlet.resource.ResourceHttpRequestHandler]
15:42:31.933  INFO  - Registering beans for JMX exposure on startup
15:42:31.952  INFO  - No TaskScheduler/ScheduledExecutorService bean found for scheduled processing
15:42:31.963  INFO  - Starting ProtocolHandler ["http-nio-9998"]
15:42:32.000  INFO  - Using a shared selector for servlet write/read
15:42:32.023  INFO  - Tomcat started on port(s): 9998 (http) with context path ''
15:42:32.028  INFO  - Started AdApplication in 3.101 seconds (JVM running for 4.033)
